-----------------------------------------------------------------------------------------------------------------------------------
      name:  <unnamed>
       log:  /Users/sarahelizabethfarr/Box/Academic/Teaching/Soc 365 Spring21/Soc365/Class and exercises/Do/Exercise_10.log
  log type:  text
 opened on:  26 Feb 2021, 08:58:55

. 
. *FILE:    Exercise_10.do
. *PURPOSE: Answer key to Exercise 10
. 
. 
. *This should be the path to your Original data folder, where you have saved the raw data file you just created.
. cd "/Users/sarahelizabethfarr/Box/Academic/Teaching/Soc 365 Spring21/Soc365/Class and exercises/Original data"
/Users/sarahelizabethfarr/Box/Academic/Teaching/Soc 365 Spring21/Soc365/Class and exercises/Original data

. 
. use psid_extract.dta, clear

. 
. describe

Contains data from psid_extract.dta
  obs:         9,283                          
 vars:            23                          11 Apr 2014 12:11
-----------------------------------------------------------------------------------------------------------------------------------
              storage   display    value
variable name   type    format     label      variable label
-----------------------------------------------------------------------------------------------------------------------------------
fid             int     %9.0g                 PSID family id
wfpid           int     %9.0g                 PSID wife's person id
hdpid           int     %9.0g                 PSID head's person id
wedy1970        byte    %9.0g                 1970 wedy
hedy1970        byte    %9.0g                 1970 hedy
wedc1970        byte    %9.0g      edc        1970 wedc
hedc1970        byte    %9.0g      edc        1970 hedc
wedy1980        byte    %9.0g                 1980 wedy
hedy1980        byte    %9.0g                 1980 hedy
wedc1980        byte    %9.0g      edc        1980 wedc
hedc1980        byte    %9.0g      edc        1980 hedc
wedy1990        byte    %9.0g                 1990 wedy
hedy1990        byte    %9.0g                 1990 hedy
wedc1990        byte    %9.0g      edc        1990 wedc
hedc1990        byte    %9.0g      edc        1990 hedc
wedy2001        byte    %9.0g                 2001 wedy
hedy2001        byte    %9.0g                 2001 hedy
wedc2001        byte    %9.0g      edc        2001 wedc
hedc2001        byte    %9.0g      edc        2001 hedc
wedy2009        byte    %9.0g                 2009 wedy
hedy2009        byte    %9.0g                 2009 hedy
wedc2009        byte    %9.0g      edc        2009 wedc
hedc2009        byte    %9.0g      edc        2009 hedc
-----------------------------------------------------------------------------------------------------------------------------------
Sorted by: fid  wfpid  hdpid

. 
. tab wedc1970, miss

  1970 wedc |      Freq.     Percent        Cum.
------------+-----------------------------------
      1:<12 |      1,138       12.26       12.26
       2:12 |      1,080       11.63       23.89
    3:13-15 |        262        2.82       26.72
      4:16+ |        208        2.24       28.96
          . |      6,595       71.04      100.00
------------+-----------------------------------
      Total |      9,283      100.00

. tab hedc1970, miss

  1970 hedc |      Freq.     Percent        Cum.
------------+-----------------------------------
      1:<12 |      1,279       13.78       13.78
       2:12 |        730        7.86       21.64
    3:13-15 |        297        3.20       24.84
      4:16+ |        364        3.92       28.76
          . |      6,613       71.24      100.00
------------+-----------------------------------
      Total |      9,283      100.00

. 
. **************
. * QUESTION 2 *
. **************
. 
.   foreach num of numlist 1970 1980 1990 2001 2009 {
  2.    gen wcol`num' = (wedc`num' == 4)
  3.         replace wcol`num' = . if wedc`num' == .
  4.    gen hcol`num' = (hedc`num' == 4)
  5.         replace hcol`num' = . if hedc`num' == .
  6.         }
(6,595 real changes made, 6,595 to missing)
(6,613 real changes made, 6,613 to missing)
(5,661 real changes made, 5,661 to missing)
(5,667 real changes made, 5,667 to missing)
(5,536 real changes made, 5,536 to missing)
(5,527 real changes made, 5,527 to missing)
(6,088 real changes made, 6,088 to missing)
(6,027 real changes made, 6,027 to missing)
(5,760 real changes made, 5,760 to missing)
(5,702 real changes made, 5,702 to missing)

.  
.    *Check variable creation
.   foreach num of numlist 1970 1980 1990 2001 2009 {
  2.    tab wedc`num' wcol`num', miss
  3.    tab hedc`num' hcol`num', miss
  4.    }

           |             wcol1970
 1970 wedc |         0          1          . |     Total
-----------+---------------------------------+----------
     1:<12 |     1,138          0          0 |     1,138 
      2:12 |     1,080          0          0 |     1,080 
   3:13-15 |       262          0          0 |       262 
     4:16+ |         0        208          0 |       208 
         . |         0          0      6,595 |     6,595 
-----------+---------------------------------+----------
     Total |     2,480        208      6,595 |     9,283 

           |             hcol1970
 1970 hedc |         0          1          . |     Total
-----------+---------------------------------+----------
     1:<12 |     1,279          0          0 |     1,279 
      2:12 |       730          0          0 |       730 
   3:13-15 |       297          0          0 |       297 
     4:16+ |         0        364          0 |       364 
         . |         0          0      6,613 |     6,613 
-----------+---------------------------------+----------
     Total |     2,306        364      6,613 |     9,283 

           |             wcol1980
 1980 wedc |         0          1          . |     Total
-----------+---------------------------------+----------
     1:<12 |       997          0          0 |       997 
      2:12 |     1,719          0          0 |     1,719 
   3:13-15 |       479          0          0 |       479 
     4:16+ |         0        427          0 |       427 
         . |         0          0      5,661 |     5,661 
-----------+---------------------------------+----------
     Total |     3,195        427      5,661 |     9,283 

           |             hcol1980
 1980 hedc |         0          1          . |     Total
-----------+---------------------------------+----------
     1:<12 |     1,149          0          0 |     1,149 
      2:12 |     1,310          0          0 |     1,310 
   3:13-15 |       568          0          0 |       568 
     4:16+ |         0        589          0 |       589 
         . |         0          0      5,667 |     5,667 
-----------+---------------------------------+----------
     Total |     3,027        589      5,667 |     9,283 

           |             wcol1990
 1990 wedc |         0          1          . |     Total
-----------+---------------------------------+----------
     1:<12 |       610          0          0 |       610 
      2:12 |     1,629          0          0 |     1,629 
   3:13-15 |       819          0          0 |       819 
     4:16+ |         0        689          0 |       689 
         . |         0          0      5,536 |     5,536 
-----------+---------------------------------+----------
     Total |     3,058        689      5,536 |     9,283 

           |             hcol1990
 1990 hedc |         0          1          . |     Total
-----------+---------------------------------+----------
     1:<12 |       729          0          0 |       729 
      2:12 |     1,400          0          0 |     1,400 
   3:13-15 |       736          0          0 |       736 
     4:16+ |         0        891          0 |       891 
         . |         0          0      5,527 |     5,527 
-----------+---------------------------------+----------
     Total |     2,865        891      5,527 |     9,283 

           |             wcol2001
 2001 wedc |         0          1          . |     Total
-----------+---------------------------------+----------
     1:<12 |       303          0          0 |       303 
      2:12 |     1,266          0          0 |     1,266 
   3:13-15 |       857          0          0 |       857 
     4:16+ |         0        769          0 |       769 
         . |         0          0      6,088 |     6,088 
-----------+---------------------------------+----------
     Total |     2,426        769      6,088 |     9,283 

           |             hcol2001
 2001 hedc |         0          1          . |     Total
-----------+---------------------------------+----------
     1:<12 |       385          0          0 |       385 
      2:12 |     1,236          0          0 |     1,236 
   3:13-15 |       728          0          0 |       728 
     4:16+ |         0        907          0 |       907 
         . |         0          0      6,027 |     6,027 
-----------+---------------------------------+----------
     Total |     2,349        907      6,027 |     9,283 

           |             wcol2009
 2009 wedc |         0          1          . |     Total
-----------+---------------------------------+----------
     1:<12 |       220          0          0 |       220 
      2:12 |     1,236          0          0 |     1,236 
   3:13-15 |       994          0          0 |       994 
     4:16+ |         0      1,073          0 |     1,073 
         . |         0          0      5,760 |     5,760 
-----------+---------------------------------+----------
     Total |     2,450      1,073      5,760 |     9,283 

           |             hcol2009
 2009 hedc |         0          1          . |     Total
-----------+---------------------------------+----------
     1:<12 |       323          0          0 |       323 
      2:12 |     1,255          0          0 |     1,255 
   3:13-15 |       914          0          0 |       914 
     4:16+ |         0      1,089          0 |     1,089 
         . |         0          0      5,702 |     5,702 
-----------+---------------------------------+----------
     Total |     2,492      1,089      5,702 |     9,283 

. 
.    *How much has college completion changed for husbands and wives?
.    foreach num of numlist 1970 2009 {
  2.         tab wcol`num'
  3.         tab hcol`num'
  4.    }

   wcol1970 |      Freq.     Percent        Cum.
------------+-----------------------------------
          0 |      2,480       92.26       92.26
          1 |        208        7.74      100.00
------------+-----------------------------------
      Total |      2,688      100.00

   hcol1970 |      Freq.     Percent        Cum.
------------+-----------------------------------
          0 |      2,306       86.37       86.37
          1 |        364       13.63      100.00
------------+-----------------------------------
      Total |      2,670      100.00

   wcol2009 |      Freq.     Percent        Cum.
------------+-----------------------------------
          0 |      2,450       69.54       69.54
          1 |      1,073       30.46      100.00
------------+-----------------------------------
      Total |      3,523      100.00

   hcol2009 |      Freq.     Percent        Cum.
------------+-----------------------------------
          0 |      2,492       69.59       69.59
          1 |      1,089       30.41      100.00
------------+-----------------------------------
      Total |      3,581      100.00

. 
.    *Wives' college completion went up from 7.74% in 1970 to 30.46% in 2009.
.    *Husbands' went up from 13.63% to 30.41%. Wives' college completion rates
.    *rose more quickly over this period.
.  
.  
. **************
. * QUESTION 3 *
. **************
.  
.    *Create relative education variables
.    foreach num of numlist 1970 1980 1990 2001 2009 {
  2.         gen     rel_edc`num' = 2 if (hedc`num' > wedc`num' & hedc`num' ~= . )
  3.         replace rel_edc`num' = 1 if (hedc`num' < wedc`num' & wedc`num' ~= . )
  4.         replace rel_edc`num' = 0 if (hedc`num' == wedc`num' & wedc`num' ~= . )
  5.    }
(8,683 missing values generated)
(490 real changes made)
(1,565 real changes made)
(8,407 missing values generated)
(731 real changes made)
(2,003 real changes made)
(8,298 missing values generated)
(851 real changes made)
(1,896 real changes made)
(8,516 missing values generated)
(751 real changes made)
(1,612 real changes made)
(8,521 missing values generated)
(927 real changes made)
(1,752 real changes made)

.  
.    *Check variable creation -- it works
.   foreach num of numlist 1970 1980 1990 2001 2009 {
  2.    bysort rel_edc`num': tab hedc`num' wedc`num', miss
  3.    }

-----------------------------------------------------------------------------------------------------------------------------------
-> rel_edc1970 = 0

           |                  1970 wedc
 1970 hedc |     1:<12       2:12    3:13-15      4:16+ |     Total
-----------+--------------------------------------------+----------
     1:<12 |       881          0          0          0 |       881 
      2:12 |         0        457          0          0 |       457 
   3:13-15 |         0          0         78          0 |        78 
     4:16+ |         0          0          0        149 |       149 
-----------+--------------------------------------------+----------
     Total |       881        457         78        149 |     1,565 

-----------------------------------------------------------------------------------------------------------------------------------
-> rel_edc1970 = 1

           |            1970 wedc
 1970 hedc |      2:12    3:13-15      4:16+ |     Total
-----------+---------------------------------+----------
     1:<12 |       336         36         17 |       389 
      2:12 |         0         62         26 |        88 
   3:13-15 |         0          0         13 |        13 
-----------+---------------------------------+----------
     Total |       336         98         56 |       490 

-----------------------------------------------------------------------------------------------------------------------------------
-> rel_edc1970 = 2

           |            1970 wedc
 1970 hedc |     1:<12       2:12    3:13-15 |     Total
-----------+---------------------------------+----------
      2:12 |       182          0          0 |       182 
   3:13-15 |        42        163          0 |       205 
     4:16+ |        15        116         82 |       213 
-----------+---------------------------------+----------
     Total |       239        279         82 |       600 

-----------------------------------------------------------------------------------------------------------------------------------
-> rel_edc1970 = .

           |                       1970 wedc
 1970 hedc |     1:<12       2:12    3:13-15      4:16+          . |     Total
-----------+-------------------------------------------------------+----------
     1:<12 |         0          0          0          0          9 |         9 
      2:12 |         0          0          0          0          3 |         3 
   3:13-15 |         0          0          0          0          1 |         1 
     4:16+ |         0          0          0          0          2 |         2 
         . |        18          8          4          3      6,580 |     6,613 
-----------+-------------------------------------------------------+----------
     Total |        18          8          4          3      6,595 |     6,628 


-----------------------------------------------------------------------------------------------------------------------------------
-> rel_edc1980 = 0

           |                  1980 wedc
 1980 hedc |     1:<12       2:12    3:13-15      4:16+ |     Total
-----------+--------------------------------------------+----------
     1:<12 |       675          0          0          0 |       675 
      2:12 |         0        860          0          0 |       860 
   3:13-15 |         0          0        173          0 |       173 
     4:16+ |         0          0          0        295 |       295 
-----------+--------------------------------------------+----------
     Total |       675        860        173        295 |     2,003 

-----------------------------------------------------------------------------------------------------------------------------------
-> rel_edc1980 = 1

           |            1980 wedc
 1980 hedc |      2:12    3:13-15      4:16+ |     Total
-----------+---------------------------------+----------
     1:<12 |       421         37         13 |       471 
      2:12 |         0        141         54 |       195 
   3:13-15 |         0          0         65 |        65 
-----------+---------------------------------+----------
     Total |       421        178        132 |       731 

-----------------------------------------------------------------------------------------------------------------------------------
-> rel_edc1980 = 2

           |            1980 wedc
 1980 hedc |     1:<12       2:12    3:13-15 |     Total
-----------+---------------------------------+----------
      2:12 |       253          0          0 |       253 
   3:13-15 |        43        286          0 |       329 
     4:16+ |        16        150        128 |       294 
-----------+---------------------------------+----------
     Total |       312        436        128 |       876 

-----------------------------------------------------------------------------------------------------------------------------------
-> rel_edc1980 = .

           |            1980 wedc
 1980 hedc |     1:<12       2:12          . |     Total
-----------+---------------------------------+----------
     1:<12 |         0          0          3 |         3 
      2:12 |         0          0          2 |         2 
   3:13-15 |         0          0          1 |         1 
         . |        10          2      5,655 |     5,667 
-----------+---------------------------------+----------
     Total |        10          2      5,661 |     5,673 


-----------------------------------------------------------------------------------------------------------------------------------
-> rel_edc1990 = 0

           |                  1990 wedc
 1990 hedc |     1:<12       2:12    3:13-15      4:16+ |     Total
-----------+--------------------------------------------+----------
     1:<12 |       349          0          0          0 |       349 
      2:12 |         0        840          0          0 |       840 
   3:13-15 |         0          0        249          0 |       249 
     4:16+ |         0          0          0        458 |       458 
-----------+--------------------------------------------+----------
     Total |       349        840        249        458 |     1,896 

-----------------------------------------------------------------------------------------------------------------------------------
-> rel_edc1990 = 1

           |            1990 wedc
 1990 hedc |      2:12    3:13-15      4:16+ |     Total
-----------+---------------------------------+----------
     1:<12 |       295         64         14 |       373 
      2:12 |         0        264         88 |       352 
   3:13-15 |         0          0        126 |       126 
-----------+---------------------------------+----------
     Total |       295        328        228 |       851 

-----------------------------------------------------------------------------------------------------------------------------------
-> rel_edc1990 = 2

           |            1990 wedc
 1990 hedc |     1:<12       2:12    3:13-15 |     Total
-----------+---------------------------------+----------
      2:12 |       199          0          0 |       199 
   3:13-15 |        45        314          0 |       359 
     4:16+ |        13        175        239 |       427 
-----------+---------------------------------+----------
     Total |       257        489        239 |       985 

-----------------------------------------------------------------------------------------------------------------------------------
-> rel_edc1990 = .

           |                       1990 wedc
 1990 hedc |     1:<12       2:12    3:13-15      4:16+          . |     Total
-----------+-------------------------------------------------------+----------
     1:<12 |         0          0          0          0          7 |         7 
      2:12 |         0          0          0          0          9 |         9 
   3:13-15 |         0          0          0          0          2 |         2 
     4:16+ |         0          0          0          0          6 |         6 
         . |         4          5          3          3      5,512 |     5,527 
-----------+-------------------------------------------------------+----------
     Total |         4          5          3          3      5,536 |     5,551 


-----------------------------------------------------------------------------------------------------------------------------------
-> rel_edc2001 = 0

           |                  2001 wedc
 2001 hedc |     1:<12       2:12    3:13-15      4:16+ |     Total
-----------+--------------------------------------------+----------
     1:<12 |       148          0          0          0 |       148 
      2:12 |         0        692          0          0 |       692 
   3:13-15 |         0          0        269          0 |       269 
     4:16+ |         0          0          0        503 |       503 
-----------+--------------------------------------------+----------
     Total |       148        692        269        503 |     1,612 

-----------------------------------------------------------------------------------------------------------------------------------
-> rel_edc2001 = 1

           |            2001 wedc
 2001 hedc |      2:12    3:13-15      4:16+ |     Total
-----------+---------------------------------+----------
     1:<12 |       151         55         10 |       216 
      2:12 |         0        293         97 |       390 
   3:13-15 |         0          0        145 |       145 
-----------+---------------------------------+----------
     Total |       151        348        252 |       751 

-----------------------------------------------------------------------------------------------------------------------------------
-> rel_edc2001 = 2

           |            2001 wedc
 2001 hedc |     1:<12       2:12    3:13-15 |     Total
-----------+---------------------------------+----------
      2:12 |       115          0          0 |       115 
   3:13-15 |        20        264          0 |       284 
     4:16+ |         7        140        221 |       368 
-----------+---------------------------------+----------
     Total |       142        404        221 |       767 

-----------------------------------------------------------------------------------------------------------------------------------
-> rel_edc2001 = .

           |                       2001 wedc
 2001 hedc |     1:<12       2:12    3:13-15      4:16+          . |     Total
-----------+-------------------------------------------------------+----------
     1:<12 |         0          0          0          0         21 |        21 
      2:12 |         0          0          0          0         39 |        39 
   3:13-15 |         0          0          0          0         30 |        30 
     4:16+ |         0          0          0          0         36 |        36 
         . |        13         19         19         14      5,962 |     6,027 
-----------+-------------------------------------------------------+----------
     Total |        13         19         19         14      6,088 |     6,153 


-----------------------------------------------------------------------------------------------------------------------------------
-> rel_edc2009 = 0

           |                  2009 wedc
 2009 hedc |     1:<12       2:12    3:13-15      4:16+ |     Total
-----------+--------------------------------------------+----------
     1:<12 |        95          0          0          0 |        95 
      2:12 |         0        647          0          0 |       647 
   3:13-15 |         0          0        340          0 |       340 
     4:16+ |         0          0          0        670 |       670 
-----------+--------------------------------------------+----------
     Total |        95        647        340        670 |     1,752 

-----------------------------------------------------------------------------------------------------------------------------------
-> rel_edc2009 = 1

           |            2009 wedc
 2009 hedc |      2:12    3:13-15      4:16+ |     Total
-----------+---------------------------------+----------
     1:<12 |       152         42         17 |       211 
      2:12 |         0        354        131 |       485 
   3:13-15 |         0          0        231 |       231 
-----------+---------------------------------+----------
     Total |       152        396        379 |       927 

-----------------------------------------------------------------------------------------------------------------------------------
-> rel_edc2009 = 2

           |            2009 wedc
 2009 hedc |     1:<12       2:12    3:13-15 |     Total
-----------+---------------------------------+----------
      2:12 |        81          0          0 |        81 
   3:13-15 |        24        273          0 |       297 
     4:16+ |         7        144        233 |       384 
-----------+---------------------------------+----------
     Total |       112        417        233 |       762 

-----------------------------------------------------------------------------------------------------------------------------------
-> rel_edc2009 = .

           |                       2009 wedc
 2009 hedc |     1:<12       2:12    3:13-15      4:16+          . |     Total
-----------+-------------------------------------------------------+----------
     1:<12 |         0          0          0          0         17 |        17 
      2:12 |         0          0          0          0         42 |        42 
   3:13-15 |         0          0          0          0         46 |        46 
     4:16+ |         0          0          0          0         35 |        35 
         . |        13         20         25         24      5,620 |     5,702 
-----------+-------------------------------------------------------+----------
     Total |        13         20         25         24      5,760 |     5,842 


.    sort fid

.    list rel_edc2009 hedc2009 wedc2009 in 1/50

     +--------------------------------+
     | rel~2009   hedc2009   wedc2009 |
     |--------------------------------|
  1. |        .          .          . |
  2. |        .          .          . |
  3. |        .          .          . |
  4. |        .          .          . |
  5. |        .          .          . |
     |--------------------------------|
  6. |        .          .          . |
  7. |        .          .          . |
  8. |        .          .          . |
  9. |        1      1:<12       2:12 |
 10. |        1       2:12    3:13-15 |
     |--------------------------------|
 11. |        .          .          . |
 12. |        .          .          . |
 13. |        0       2:12       2:12 |
 14. |        .          .          . |
 15. |        0      4:16+      4:16+ |
     |--------------------------------|
 16. |        0       2:12       2:12 |
 17. |        .          .          . |
 18. |        .          .          . |
 19. |        0      4:16+      4:16+ |
 20. |        0      4:16+      4:16+ |
     |--------------------------------|
 21. |        .          .          . |
 22. |        1      1:<12       2:12 |
 23. |        .          .          . |
 24. |        .          .          . |
 25. |        0      1:<12      1:<12 |
     |--------------------------------|
 26. |        2    3:13-15       2:12 |
 27. |        .          .          . |
 28. |        0       2:12       2:12 |
 29. |        .      1:<12          . |
 30. |        1      1:<12       2:12 |
     |--------------------------------|
 31. |        .          .          . |
 32. |        .          .          . |
 33. |        .          .          . |
 34. |        .          .          . |
 35. |        0      4:16+      4:16+ |
     |--------------------------------|
 36. |        .          .          . |
 37. |        .          .          . |
 38. |        .          .          . |
 39. |        .          .          . |
 40. |        0       2:12       2:12 |
     |--------------------------------|
 41. |        1       2:12    3:13-15 |
 42. |        1      1:<12       2:12 |
 43. |        0       2:12       2:12 |
 44. |        2      4:16+    3:13-15 |
 45. |        1       2:12    3:13-15 |
     |--------------------------------|
 46. |        0    3:13-15    3:13-15 |
 47. |        0       2:12       2:12 |
 48. |        .          .          . |
 49. |        0       2:12       2:12 |
 50. |        2    3:13-15       2:12 |
     +--------------------------------+

.  
.    *Label variables
.    lab def rel_edc_lbl 2 "2:Hedc>Wedc" 1 "1:Hedc<Wedc" 0 "0:Hedc=Wedc"

.  
.    foreach num of numlist 1970 1980 1990 2001 2009 {
  2.         lab val rel_edc`num' rel_edc_lbl
  3.    }

.  
.    *Analysis
.    foreach num of numlist 1970 2009 {
  2.         tab rel_edc`num'
  3.    }

rel_edc1970 |      Freq.     Percent        Cum.
------------+-----------------------------------
0:Hedc=Wedc |      1,565       58.95       58.95
1:Hedc<Wedc |        490       18.46       77.40
2:Hedc>Wedc |        600       22.60      100.00
------------+-----------------------------------
      Total |      2,655      100.00

rel_edc2009 |      Freq.     Percent        Cum.
------------+-----------------------------------
0:Hedc=Wedc |      1,752       50.92       50.92
1:Hedc<Wedc |        927       26.94       77.86
2:Hedc>Wedc |        762       22.14      100.00
------------+-----------------------------------
      Total |      3,441      100.00

.  
.         *A smaller proportion of couples have the same education level and there is a
.         *larger proportion of couples in which wives have more education than their 
.         *husbands. The proportion of couples in which husbands have more education 
.         *than wives has stayed relatively constant. 
.  
. log close
      name:  <unnamed>
       log:  /Users/sarahelizabethfarr/Box/Academic/Teaching/Soc 365 Spring21/Soc365/Class and exercises/Do/Exercise_10.log
  log type:  text
 closed on:  26 Feb 2021, 08:58:55
-----------------------------------------------------------------------------------------------------------------------------------
